<?xml version="1.0" encoding="UTF-8"?>
<!-- Generated by org.testng.reporters.JUnitReportReporter -->
<testsuite skipped="0" hostname="yaalinis-air.lan" name="com.sfdc.web.Account" tests="3" failures="0" timestamp="2021-02-09T20:32:53 PST" time="6.099" errors="1">
  <testcase name="sfdcCreateAnAccount" time="3.093" classname="com.sfdc.web.Account"/>
  <system-out/>
  <testcase name="launchSfdcAccountTab" time="1.015" classname="com.sfdc.web.Account"/>
  <system-out/>
  <testcase name="sfdcCreateNewViewAccount" time="1.991" classname="com.sfdc.web.Account">
    <error type="java.lang.NoClassDefFoundError" message="org.openqa.selenium.WebDriverException">
      <![CDATA[java.lang.NoClassDefFoundError: org.openqa.selenium.WebDriverException
at java.lang.Class.getDeclaredConstructors0(Native Method)
at java.lang.Class.privateGetDeclaredConstructors(Class.java:2671)
at java.lang.Class.getConstructor0(Class.java:3075)
at java.lang.Class.getConstructor(Class.java:1825)
at org.openqa.selenium.remote.codec.w3c.W3CHttpResponseCodec.createException(W3CHttpResponseCodec.java:195)
at org.openqa.selenium.remote.codec.w3c.W3CHttpResponseCodec.decode(W3CHttpResponseCodec.java:129)
at org.openqa.selenium.remote.codec.w3c.W3CHttpResponseCodec.decode(W3CHttpResponseCodec.java:53)
at org.openqa.selenium.remote.HttpCommandExecutor.execute(HttpCommandExecutor.java:167)
at org.openqa.selenium.remote.service.DriverCommandExecutor.execute(DriverCommandExecutor.java:123)
at org.openqa.selenium.remote.RemoteWebDriver.execute(RemoteWebDriver.java:501)
at org.openqa.selenium.remote.RemoteWebDriver.findElement(RemoteWebDriver.java:332)
at org.openqa.selenium.By$ByXPath.findElement(By.java:379)
at org.openqa.selenium.remote.RemoteWebDriver.findElement(RemoteWebDriver.java:312)
at org.openqa.selenium.support.pagefactory.DefaultElementLocator.findElement(DefaultElementLocator.java:70)
at org.openqa.selenium.support.pagefactory.internal.LocatingElementHandler.invoke(LocatingElementHandler.java:39)
at com.sun.proxy.$Proxy15.isDisplayed(Unknown Source)
at org.openqa.selenium.support.ui.ExpectedConditions.elementIfVisible(ExpectedConditions.java:314)
at org.openqa.selenium.support.ui.ExpectedConditions.access$000(ExpectedConditions.java:42)
at org.openqa.selenium.support.ui.ExpectedConditions$10.apply(ExpectedConditions.java:300)
at org.openqa.selenium.support.ui.ExpectedConditions$10.apply(ExpectedConditions.java:297)
at org.openqa.selenium.support.ui.FluentWait.lambda$checkConditionInLoop$2(FluentWait.java:233)
at java.util.concurrent.CompletableFuture$AsyncSupply.run(CompletableFuture.java:1604)
at java.util.concurrent.CompletableFuture$AsyncSupply.exec(CompletableFuture.java:1596)
at java.util.concurrent.ForkJoinTask.doExec(ForkJoinTask.java:289)
at java.util.concurrent.ForkJoinPool$WorkQueue.runTask(ForkJoinPool.java:1056)
at java.util.concurrent.ForkJoinPool.runWorker(ForkJoinPool.java:1692)
at java.util.concurrent.ForkJoinWorkerThread.run(ForkJoinWorkerThread.java:172)
]]>
    </error>
  </testcase> <!-- sfdcCreateNewViewAccount -->
  <system-out/>
</testsuite> <!-- com.sfdc.web.Account -->
