<?xml version="1.0" encoding="UTF-8"?>
<!-- Generated by org.testng.reporters.JUnitReportReporter -->
<testsuite skipped="0" hostname="yaalinis-air.lan" name="com.sfdc.web.Login" tests="3" failures="0" timestamp="2021-02-09T20:32:53 PST" time="8.716" errors="0">
  <testcase name="loginToSFDCInvalidUser" time="2.301" classname="com.sfdc.web.Login"/>
  <system-out/>
  <testcase name="LoginSfdcWithForgotPassword" time="1.171" classname="com.sfdc.web.Login"/>
  <system-out/>
  <testcase name="loginToSFDCWebAutomationPortal" time="5.244" classname="com.sfdc.web.Login"/>
  <system-out/>
</testsuite> <!-- com.sfdc.web.Login -->
